INFO:root:
2023-03-21 15:10:55
INFO:root:Waking up...
INFO:root:Fetching affirmations..
INFO:root:Formatting...
INFO:root:Quote try 1
INFO:root:cannot open resource
INFO:root:
2023-03-21 15:11:44
INFO:root:Waking up...
INFO:root:Fetching affirmations..
INFO:root:Formatting...
INFO:root:Quote try 1
INFO:root:cannot open resource
INFO:root:
2023-03-21 15:25:46
INFO:root:Waking up...
INFO:root:Fetching affirmations..
INFO:root:Formatting...
INFO:root:Quote try 1
INFO:root:cannot open resource
INFO:root:
2023-03-21 15:28:57
INFO:root:Waking up...
INFO:root:Fetching affirmations..
INFO:root:CLS
INFO:root:Formatting...
INFO:root:Quote try 1
INFO:root:cannot open resource
INFO:root:
2023-03-21 15:31:46
INFO:root:Waking up...
INFO:root:/home/mhagedorn/e-Paper/RaspberryPi_JetsonNano/python/pic
INFO:root:Fetching affirmations..
INFO:root:CLS
INFO:root:Formatting...
INFO:root:Quote try 1
INFO:root:cannot open resource
INFO:root:
2023-03-21 15:34:04
INFO:root:Waking up...
INFO:root:/home/mhagedorn/e-Paper/RaspberryPi_JetsonNano/python/pic
INFO:root:Fetching affirmations..
INFO:root:CLS
INFO:root:Formatting...
INFO:root:Quote try 1
INFO:root:It's often said that everything
happens for a reason, however
it is my responsibility to choose
the most empowering reasons
for each of the experiences in
my life.,
 Font size: 24, Line count: 6, Quote height: 180, Offset: 60.0, Screen height: 300
INFO:root:Updating...
INFO:root:Standby...
INFO:root:
2023-03-21 15:34:33
INFO:root:Waking up...
INFO:root:/home/mhagedorn/e-Paper/RaspberryPi_JetsonNano/python/pic
INFO:root:Fetching affirmations..
INFO:root:CLS
INFO:root:Formatting...
INFO:root:Quote try 1
INFO:root:I am happy, I am
grateful for my life. I
am whatever I
choose to be,
 Font size: 35, Line count: 4, Quote height: 168, Offset: 66.0, Screen height: 300
INFO:root:Updating...
INFO:root:Standby...
INFO:root:
2023-03-21 15:34:47
INFO:root:Waking up...
INFO:root:/home/mhagedorn/e-Paper/RaspberryPi_JetsonNano/python/pic
INFO:root:Fetching affirmations..
INFO:root:CLS
INFO:root:Formatting...
INFO:root:Quote try 1
INFO:root:There is no better
day than today to do
the things I've been
putting off.,
 Font size: 35, Line count: 4, Quote height: 168, Offset: 66.0, Screen height: 300
INFO:root:Updating...
INFO:root:Standby...
INFO:root:
2023-03-21 15:34:59
INFO:root:Waking up...
INFO:root:/home/mhagedorn/e-Paper/RaspberryPi_JetsonNano/python/pic
INFO:root:Fetching affirmations..
INFO:root:CLS
INFO:root:Formatting...
INFO:root:Quote try 1
INFO:root:Happiness is a
choice.  I choose to
be happy.,
 Font size: 35, Line count: 3, Quote height: 126, Offset: 87.0, Screen height: 300
INFO:root:Updating...
INFO:root:Standby...
INFO:root:
2023-03-21 15:35:19
INFO:root:Waking up...
INFO:root:/home/mhagedorn/e-Paper/RaspberryPi_JetsonNano/python/pic
INFO:root:Fetching affirmations..
INFO:root:CLS
INFO:root:Formatting...
INFO:root:Quote try 1
INFO:root:I am disciplined. I am
consistent.  I am
whatever I choose to
be.,
 Font size: 35, Line count: 4, Quote height: 168, Offset: 66.0, Screen height: 300
INFO:root:Updating...
INFO:root:Standby...
INFO:root:
2023-03-21 15:35:47
INFO:root:Waking up...
INFO:root:/home/mhagedorn/e-Paper/RaspberryPi_JetsonNano/python/pic
INFO:root:Fetching affirmations..
INFO:root:CLS
INFO:root:Formatting...
INFO:root:Quote try 1
INFO:root:I am committed to doing my
Miracle Morning every day so
that I can become the person I
need to be to create everything
I want for my life.,
 Font size: 24, Line count: 5, Quote height: 150, Offset: 75.0, Screen height: 300
INFO:root:Updating...
INFO:root:Standby...
INFO:root:
2023-03-21 16:00:22
INFO:root:Waking up...
INFO:root:/home/mhagedorn/e-Paper/RaspberryPi_JetsonNano/python/pic
INFO:root:Fetching affirmations..
INFO:root:CLS
INFO:root:Formatting...
INFO:root:Quote try 1
INFO:root:I am
disciplined. I
am consistent.
I am whatever I
choose to be.,
 Font size: 48, Line count: 5, Quote height: 290, Offset: 5.0, Screen height: 300
INFO:root:Updating...
INFO:root:Standby...
INFO:root:
2023-03-21 16:00:43
INFO:root:Waking up...
INFO:root:/home/mhagedorn/e-Paper/RaspberryPi_JetsonNano/python/pic
INFO:root:Fetching affirmations..
INFO:root:CLS
INFO:root:Formatting...
INFO:root:Quote try 1
INFO:root:To reach levels of
success I've never
reached before, I
must be committed
at a level I've neve
been committed at
before.,
 Font size: 35, Line count: 7, Quote height: 294, Offset: 3.0, Screen height: 300
INFO:root:Updating...
INFO:root:Standby...
INFO:root:
2023-03-21 16:00:56
INFO:root:Waking up...
INFO:root:/home/mhagedorn/e-Paper/RaspberryPi_JetsonNano/python/pic
INFO:root:Fetching affirmations..
INFO:root:CLS
INFO:root:Formatting...
INFO:root:Quote try 1
INFO:root:I am committed to doing my
Miracle Morning every day so
that I can become the person I
need to be to create everything
I want for my life.,
 Font size: 24, Line count: 5, Quote height: 150, Offset: 75.0, Screen height: 300
INFO:root:Updating...
INFO:root:Standby...
INFO:root:
2023-03-21 16:01:08
INFO:root:Waking up...
INFO:root:/home/mhagedorn/e-Paper/RaspberryPi_JetsonNano/python/pic
INFO:root:Fetching affirmations..
INFO:root:CLS
INFO:root:Formatting...
INFO:root:Quote try 1
INFO:root:To reach levels of
success I've never
reached before, I
must be committed
at a level I've neve
been committed at
before.,
 Font size: 35, Line count: 7, Quote height: 294, Offset: 3.0, Screen height: 300
INFO:root:Updating...
INFO:root:Standby...
INFO:root:
2023-03-21 16:07:28
INFO:root:Waking up...
INFO:root:/home/mhagedorn/e-Paper/RaspberryPi_JetsonNano/python/pic
INFO:root:Fetching affirmations..
INFO:root:CLS
INFO:root:Formatting...
INFO:root:Quote try 1
INFO:root:To reach levels of
success I've never
reached before, I
must be committed
at a level I've never
been committed at
before.,
 Font size: 35, Line count: 7, Quote height: 294, Offset: 3.0, Screen height: 300
INFO:root:Updating...
INFO:root:Standby...
INFO:root:
2023-03-21 16:07:39
INFO:root:Waking up...
INFO:root:/home/mhagedorn/e-Paper/RaspberryPi_JetsonNano/python/pic
INFO:root:Fetching affirmations..
INFO:root:CLS
INFO:root:Formatting...
INFO:root:Quote try 1
INFO:root:Happiness is a
choice.  I
choose to be
happy.,
 Font size: 48, Line count: 4, Quote height: 232, Offset: 34.0, Screen height: 300
INFO:root:Updating...
INFO:root:Standby...
INFO:root:
2023-03-21 16:07:51
INFO:root:Waking up...
INFO:root:/home/mhagedorn/e-Paper/RaspberryPi_JetsonNano/python/pic
INFO:root:Fetching affirmations..
INFO:root:CLS
INFO:root:Formatting...
INFO:root:Quote try 1
INFO:root:I am committed to taking
myself to the next level so that
I can take my success to the
next level, because it only
happens in that order,
 Font size: 24, Line count: 5, Quote height: 150, Offset: 75.0, Screen height: 300
INFO:root:Updating...
INFO:root:Standby...
INFO:root:
2023-03-21 16:20:21
INFO:root:Waking up...
INFO:root:/home/mhagedorn/e-Paper/RaspberryPi_JetsonNano/python/pic
INFO:root:Fetching affirmations..
INFO:root:CLS
INFO:root:Formatting...
INFO:root:Quote try 1
INFO:root:There is no
better day than
today to do the
things I've been
putting off.,
 Font size: 48, Line count: 5, Quote height: 290, Offset: 5.0, Screen height: 300
INFO:root:Updating...
INFO:root:Standby...
INFO:root:
2023-03-21 17:45:36
INFO:root:Waking up...
INFO:root:/home/mhagedorn/e-Paper/RaspberryPi_JetsonNano/python/pic
INFO:root:Fetching affirmations..
INFO:root:CLS
INFO:root:Formatting...
INFO:root:Quote try 1
INFO:root:I am happy, I
am grateful for
my life. I am
whatever I
choose to be,
 Font size: 48, Line count: 5, Quote height: 290, Offset: 5.0, Screen height: 300
INFO:root:Updating...
INFO:root:Standby...
INFO:root:
2023-03-21 17:45:49
INFO:root:Waking up...
INFO:root:/home/mhagedorn/e-Paper/RaspberryPi_JetsonNano/python/pic
INFO:root:Fetching affirmations..
INFO:root:CLS
INFO:root:Formatting...
INFO:root:Quote try 1
INFO:root:I am committed to doing my
Miracle Morning every day so
that I can become the person I
need to be to create everything
I want for my life.,
 Font size: 24, Line count: 5, Quote height: 150, Offset: 75.0, Screen height: 300
INFO:root:Updating...
INFO:root:Standby...
INFO:root:
2023-03-22 10:54:39
INFO:root:Waking up...
INFO:root:/home/mhagedorn/e-Paper/RaspberryPi_JetsonNano/python/pic
INFO:root:Fetching affirmations..
INFO:root:CLS
INFO:root:Formatting...
INFO:root:Quote try 1
INFO:root:There is no
better day than
today to do the
things I've been
putting off.,
 Font size: 48, Line count: 5, Quote height: 290, Offset: 5.0, Screen height: 300
INFO:root:Updating...
INFO:root:Standby...
INFO:root:
2023-03-22 10:54:51
INFO:root:Waking up...
INFO:root:/home/mhagedorn/e-Paper/RaspberryPi_JetsonNano/python/pic
INFO:root:Fetching affirmations..
INFO:root:CLS
INFO:root:Formatting...
INFO:root:Quote try 1
INFO:root:I am happy, I
am grateful for
my life. I am
whatever I
choose to be,
 Font size: 48, Line count: 5, Quote height: 290, Offset: 5.0, Screen height: 300
INFO:root:Updating...
INFO:root:Standby...
INFO:root:
2023-03-22 11:03:53
INFO:root:Waking up...
INFO:root:/home/mhagedorn/e-Paper/RaspberryPi_JetsonNano/python/pic
INFO:root:Fetching affirmations..
INFO:root:CLS
INFO:root:Formatting...
INFO:root:Quote try 1
INFO:root:I am
disciplined. I
am consistent.
I am whatever I
choose to be.,
 Font size: 48, Line count: 5, Quote height: 290, Offset: 5.0, Screen height: 300
INFO:root:Updating...
INFO:root:Standby...
INFO:root:
2023-03-22 11:04:02
INFO:root:Waking up...
INFO:root:/home/mhagedorn/e-Paper/RaspberryPi_JetsonNano/python/pic
INFO:root:Fetching affirmations..
INFO:root:CLS
INFO:root:Formatting...
INFO:root:Quote try 1
INFO:root:Happiness is a
choice.  I
choose to be
happy.,
 Font size: 48, Line count: 4, Quote height: 232, Offset: 34.0, Screen height: 300
INFO:root:Updating...
INFO:root:Standby...
INFO:root:
2023-03-22 11:04:12
INFO:root:Waking up...
INFO:root:/home/mhagedorn/e-Paper/RaspberryPi_JetsonNano/python/pic
INFO:root:Fetching affirmations..
INFO:root:CLS
INFO:root:Formatting...
INFO:root:Quote try 1
INFO:root:I don't judge or condemn
others, because I simply have
no way of knowing that if I had
lived their life, I might be, say
and do exactly the same,
 Font size: 24, Line count: 5, Quote height: 150, Offset: 75.0, Screen height: 300
INFO:root:Updating...
INFO:root:Standby...
INFO:root:
2023-03-22 11:04:22
INFO:root:Waking up...
INFO:root:/home/mhagedorn/e-Paper/RaspberryPi_JetsonNano/python/pic
INFO:root:Fetching affirmations..
INFO:root:CLS
INFO:root:Formatting...
INFO:root:Quote try 1
INFO:root:I am committed to doing my
Miracle Morning every day so
that I can become the person I
need to be to create everything
I want for my life.,
 Font size: 24, Line count: 5, Quote height: 150, Offset: 75.0, Screen height: 300
INFO:root:Updating...
INFO:root:Standby...
INFO:root:
2023-03-22 11:04:32
INFO:root:Waking up...
INFO:root:/home/mhagedorn/e-Paper/RaspberryPi_JetsonNano/python/pic
INFO:root:Fetching affirmations..
INFO:root:CLS
INFO:root:Formatting...
INFO:root:Quote try 1
INFO:root:Today I am
willing to give
up who I've
been for who I
can become.,
 Font size: 48, Line count: 5, Quote height: 290, Offset: 5.0, Screen height: 300
INFO:root:Updating...
INFO:root:Standby...
INFO:root:
2023-03-22 11:04:49
INFO:root:Waking up...
INFO:root:/home/mhagedorn/e-Paper/RaspberryPi_JetsonNano/python/pic
INFO:root:Fetching affirmations..
INFO:root:CLS
INFO:root:Formatting...
INFO:root:Quote try 1
INFO:root:I am destined
to be whatever
I choose to be.,
 Font size: 48, Line count: 3, Quote height: 174, Offset: 63.0, Screen height: 300
INFO:root:Updating...
INFO:root:Standby...
INFO:root:
2023-03-22 12:05:09
INFO:root:Waking up...
INFO:root:/home/mhagedorn/e-Paper/RaspberryPi_JetsonNano/python/pic
INFO:root:Fetching affirmations..
INFO:root:CLS
INFO:root:Formatting...
INFO:root:Quote try 1
INFO:root:Happiness is a
choice.  I
choose to be
happy.,
 Font size: 48, Line count: 4, Quote height: 232, Offset: 34.0, Screen height: 300
INFO:root:Updating...
INFO:root:Standby...
INFO:root:
2023-03-22 12:05:19
INFO:root:Waking up...
INFO:root:/home/mhagedorn/e-Paper/RaspberryPi_JetsonNano/python/pic
INFO:root:Fetching affirmations..
INFO:root:CLS
INFO:root:Formatting...
INFO:root:Quote try 1
INFO:root:To reach levels of
success I've never
reached before, I
must be committed
at a level I've never
been committed at
before.,
 Font size: 35, Line count: 7, Quote height: 294, Offset: 3.0, Screen height: 300
INFO:root:Updating...
INFO:root:Standby...
INFO:root:
2023-03-22 12:05:30
INFO:root:Waking up...
INFO:root:/home/mhagedorn/e-Paper/RaspberryPi_JetsonNano/python/pic
INFO:root:Fetching affirmations..
INFO:root:CLS
INFO:root:Formatting...
INFO:root:Quote try 1
INFO:root:Happiness is a
choice.  I
choose to be
happy.,
 Font size: 48, Line count: 4, Quote height: 232, Offset: 34.0, Screen height: 300
INFO:root:Updating...
INFO:root:Standby...
INFO:root:
2023-03-22 12:05:40
INFO:root:Waking up...
INFO:root:/home/mhagedorn/e-Paper/RaspberryPi_JetsonNano/python/pic
INFO:root:Fetching affirmations..
INFO:root:CLS
INFO:root:Formatting...
INFO:root:Quote try 1
INFO:root:To avoid the
activities I know I
should be doing is to
avoid the life I want
to be living.  I will
stop avoiding and
start living.,
 Font size: 35, Line count: 7, Quote height: 294, Offset: 3.0, Screen height: 300
INFO:root:Updating...
INFO:root:Standby...
INFO:root:
2023-03-22 12:06:09
INFO:root:Waking up...
INFO:root:/home/mhagedorn/e-Paper/RaspberryPi_JetsonNano/python/pic
INFO:root:Fetching affirmations..
INFO:root:CLS
INFO:root:Formatting...
INFO:root:Quote try 1
INFO:root:I don't judge or condemn
others, because I simply have
no way of knowing that if I had
lived their life, I might be, say
and do exactly the same,
 Font size: 24, Line count: 5, Quote height: 150, Offset: 75.0, Screen height: 300
INFO:root:Updating...
INFO:root:Standby...
INFO:root:
2023-03-22 12:06:17
INFO:root:Waking up...
INFO:root:/home/mhagedorn/e-Paper/RaspberryPi_JetsonNano/python/pic
INFO:root:Fetching affirmations..
INFO:root:CLS
INFO:root:Formatting...
INFO:root:Quote try 1
INFO:root:I don't worry about
trying to impresss
people.  Instead, I
focus on how I can
add value to their
lives.,
 Font size: 35, Line count: 6, Quote height: 252, Offset: 24.0, Screen height: 300
INFO:root:Updating...
INFO:root:Standby...
INFO:root:
2023-03-22 16:58:16
INFO:root:Waking up...
INFO:root:/home/mhagedorn/e-Paper/RaspberryPi_JetsonNano/python/pic
INFO:root:Fetching affirmations..
INFO:root:CLS
INFO:root:Formatting...
INFO:root:Quote try 1
INFO:root:Every day I can
be stressed out
or blissed out.
The choice is
mine,
 Font size: 48, Line count: 5, Quote height: 290, Offset: 5.0, Screen height: 300
INFO:root:Updating...
INFO:root:Standby...
INFO:root:
2023-03-22 20:55:14
INFO:root:Waking up...
INFO:root:/home/mhagedorn/e-Paper/RaspberryPi_JetsonNano/python/pic
INFO:root:Fetching affirmations..
INFO:root:CLS
INFO:root:Formatting...
INFO:root:Quote try 1
INFO:root:I was born with an
innate inner
freedom, which is my
inherent ability to
decide how I
experience each
moment in my life,
 Font size: 35, Line count: 7, Quote height: 294, Offset: 3.0, Screen height: 300
INFO:root:Updating...
INFO:root:Standby...
INFO:root:
2023-03-22 20:55:31
INFO:root:Waking up...
INFO:root:/home/mhagedorn/e-Paper/RaspberryPi_JetsonNano/python/pic
INFO:root:Fetching affirmations..
INFO:root:CLS
INFO:root:Formatting...
INFO:root:Quote try 1
INFO:root:There is no
better day than
today to do the
things I've been
putting off.,
 Font size: 48, Line count: 5, Quote height: 290, Offset: 5.0, Screen height: 300
INFO:root:Updating...
INFO:root:Standby...
INFO:root:
2023-03-22 20:55:40
INFO:root:Waking up...
INFO:root:/home/mhagedorn/e-Paper/RaspberryPi_JetsonNano/python/pic
INFO:root:Fetching affirmations..
INFO:root:CLS
INFO:root:Formatting...
INFO:root:Quote try 1
INFO:root:I don't judge or condemn
others, because I simply have
no way of knowing that if I had
lived their life, I might be, say
and do exactly the same,
 Font size: 24, Line count: 5, Quote height: 150, Offset: 75.0, Screen height: 300
INFO:root:Updating...
INFO:root:Standby...
INFO:root:
2023-03-22 20:55:47
INFO:root:Waking up...
INFO:root:/home/mhagedorn/e-Paper/RaspberryPi_JetsonNano/python/pic
INFO:root:Fetching affirmations..
INFO:root:CLS
INFO:root:Formatting...
INFO:root:Quote try 1
INFO:root:Yes I can.  Yes I
will.  Yes I am
able.,
 Font size: 48, Line count: 3, Quote height: 174, Offset: 63.0, Screen height: 300
INFO:root:Updating...
INFO:root:Standby...
INFO:root:
2023-03-22 21:17:32
INFO:root:Waking up...
INFO:root:/home/mhagedorn/e-Paper/RaspberryPi_JetsonNano/python/pic
INFO:root:Fetching affirmations..
INFO:root:CLS
INFO:root:Formatting...
INFO:root:Quote try 1
INFO:root:I am disciplined. I
am consistent.  I am
whatever I choose
to be.,
 Font size: 35, Line count: 4, Quote height: 188, Offset: 56.0, Screen height: 300
INFO:root:Updating...
INFO:root:Standby...
INFO:root:
2023-03-22 21:18:02
INFO:root:Waking up...
INFO:root:/home/mhagedorn/e-Paper/RaspberryPi_JetsonNano/python/pic
INFO:root:Fetching affirmations..
INFO:root:CLS
INFO:root:Formatting...
INFO:root:Quote try 1
INFO:root:Where I am in my life is a
result of who I was in the
past, but where I go depends
entirely on who I choose to
be, from this moment on.,
 Font size: 24, Line count: 5, Quote height: 165, Offset: 67.5, Screen height: 300
INFO:root:Updating...
INFO:root:Standby...
INFO:root:
2023-03-22 21:24:11
INFO:root:Waking up...
INFO:root:/home/mhagedorn/e-Paper/RaspberryPi_JetsonNano/python/pic
INFO:root:Fetching affirmations..
INFO:root:CLS
INFO:root:Formatting...
INFO:root:Quote try 1
INFO:root:To reach levels of success I've
never reached before, I must
be committed at a level I've
never been committed at
before.,
 Font size: 24, Line count: 5, Quote height: 165, Offset: 67.5, Screen height: 300
INFO:root:Updating...
INFO:root:Standby...
INFO:root:
2023-03-22 21:24:21
INFO:root:Waking up...
INFO:root:/home/mhagedorn/e-Paper/RaspberryPi_JetsonNano/python/pic
INFO:root:Fetching affirmations..
INFO:root:CLS
INFO:root:Formatting...
INFO:root:Quote try 1
INFO:root:I am committed to doing my
Miracle Morning every day so
that I can become the person
I need to be to create
everything I want for my life.,
 Font size: 24, Line count: 5, Quote height: 165, Offset: 67.5, Screen height: 300
INFO:root:Updating...
INFO:root:Standby...
INFO:root:
2023-03-22 21:24:30
INFO:root:Waking up...
INFO:root:/home/mhagedorn/e-Paper/RaspberryPi_JetsonNano/python/pic
INFO:root:Fetching affirmations..
INFO:root:CLS
INFO:root:Formatting...
INFO:root:Quote try 1
INFO:root:Where I am in my life is a
result of who I was in the
past, but where I go depends
entirely on who I choose to
be, from this moment on.,
 Font size: 24, Line count: 5, Quote height: 165, Offset: 67.5, Screen height: 300
INFO:root:Updating...
INFO:root:Standby...
INFO:root:
2023-03-22 21:24:38
INFO:root:Waking up...
INFO:root:/home/mhagedorn/e-Paper/RaspberryPi_JetsonNano/python/pic
INFO:root:Fetching affirmations..
INFO:root:CLS
INFO:root:Formatting...
INFO:root:Quote try 1
INFO:root:I am destined
to be
whatever I
choose to be.,
 Font size: 48, Line count: 4, Quote height: 256, Offset: 22.0, Screen height: 300
INFO:root:Updating...
INFO:root:Standby...
INFO:root:
2023-03-22 22:00:03
INFO:root:Waking up...
INFO:root:/home/mhagedorn/e-Paper/RaspberryPi_JetsonNano/python/pic
INFO:root:Fetching affirmations..
INFO:root:CLS
INFO:root:Formatting...
INFO:root:Quote try 1
INFO:root:Every day I can be
stressed out or
blissed out.  The
choice is mine,
 Font size: 35, Line count: 4, Quote height: 188, Offset: 56.0, Screen height: 300
INFO:root:Updating...
INFO:root:Standby...
INFO:root:
2023-03-22 23:00:03
INFO:root:Waking up...
INFO:root:/home/mhagedorn/e-Paper/RaspberryPi_JetsonNano/python/pic
INFO:root:Fetching affirmations..
INFO:root:CLS
INFO:root:Formatting...
INFO:root:Quote try 1
INFO:root:To reach levels of success I've
never reached before, I must
be committed at a level I've
never been committed at
before.,
 Font size: 24, Line count: 5, Quote height: 165, Offset: 67.5, Screen height: 300
INFO:root:Updating...
INFO:root:Standby...
INFO:root:
2023-03-23 00:00:03
INFO:root:Waking up...
INFO:root:/home/mhagedorn/e-Paper/RaspberryPi_JetsonNano/python/pic
INFO:root:Fetching affirmations..
INFO:root:CLS
INFO:root:Formatting...
INFO:root:Quote try 1
INFO:root:Today I am willing
to give up who I've
been for who I can
become.,
 Font size: 35, Line count: 4, Quote height: 188, Offset: 56.0, Screen height: 300
INFO:root:Updating...
INFO:root:Standby...
INFO:root:
2023-03-23 01:00:03
INFO:root:Waking up...
INFO:root:/home/mhagedorn/e-Paper/RaspberryPi_JetsonNano/python/pic
INFO:root:Fetching affirmations..
INFO:root:CLS
INFO:root:Formatting...
INFO:root:Quote try 1
INFO:root:Where I am in my life is a
result of who I was in the
past, but where I go depends
entirely on who I choose to
be, from this moment on.,
 Font size: 24, Line count: 5, Quote height: 165, Offset: 67.5, Screen height: 300
INFO:root:Updating...
INFO:root:Standby...
INFO:root:
2023-03-23 02:00:03
INFO:root:Waking up...
INFO:root:/home/mhagedorn/e-Paper/RaspberryPi_JetsonNano/python/pic
INFO:root:Fetching affirmations..
INFO:root:CLS
INFO:root:Formatting...
INFO:root:Quote try 1
INFO:root:To reach levels of success I've
never reached before, I must
be committed at a level I've
never been committed at
before.,
 Font size: 24, Line count: 5, Quote height: 165, Offset: 67.5, Screen height: 300
INFO:root:Updating...
INFO:root:Standby...
INFO:root:
2023-03-23 03:00:03
INFO:root:Waking up...
INFO:root:/home/mhagedorn/e-Paper/RaspberryPi_JetsonNano/python/pic
INFO:root:Fetching affirmations..
INFO:root:CLS
INFO:root:Formatting...
INFO:root:Quote try 1
INFO:root:I am happy, I am
grateful for my life.
I am whatever I
choose to be,
 Font size: 35, Line count: 4, Quote height: 188, Offset: 56.0, Screen height: 300
INFO:root:Updating...
INFO:root:Standby...
INFO:root:
2023-03-23 04:00:03
INFO:root:Waking up...
INFO:root:/home/mhagedorn/e-Paper/RaspberryPi_JetsonNano/python/pic
INFO:root:Fetching affirmations..
INFO:root:CLS
INFO:root:Formatting...
INFO:root:Quote try 1
INFO:root:Where I am in my life is a
result of who I was in the
past, but where I go depends
entirely on who I choose to
be, from this moment on.,
 Font size: 24, Line count: 5, Quote height: 165, Offset: 67.5, Screen height: 300
INFO:root:Updating...
INFO:root:Standby...
INFO:root:
2023-03-23 05:00:03
INFO:root:Waking up...
INFO:root:/home/mhagedorn/e-Paper/RaspberryPi_JetsonNano/python/pic
INFO:root:Fetching affirmations..
INFO:root:CLS
INFO:root:Formatting...
INFO:root:Quote try 1
INFO:root:There is nothing to fear
because I cannot fail.  I can
only learn, grow and become
better than I've ever been
before,
 Font size: 24, Line count: 5, Quote height: 165, Offset: 67.5, Screen height: 300
INFO:root:Updating...
INFO:root:Standby...
INFO:root:
2023-03-23 06:00:03
INFO:root:Waking up...
INFO:root:/home/mhagedorn/e-Paper/RaspberryPi_JetsonNano/python/pic
INFO:root:Fetching affirmations..
INFO:root:CLS
INFO:root:Formatting...
INFO:root:Quote try 1
INFO:root:Where I am in my life is a
result of who I was in the
past, but where I go depends
entirely on who I choose to
be, from this moment on.,
 Font size: 24, Line count: 5, Quote height: 165, Offset: 67.5, Screen height: 300
INFO:root:Updating...
INFO:root:Standby...
INFO:root:
2023-03-23 07:00:03
INFO:root:Waking up...
INFO:root:/home/mhagedorn/e-Paper/RaspberryPi_JetsonNano/python/pic
INFO:root:Fetching affirmations..
INFO:root:CLS
INFO:root:Formatting...
INFO:root:Quote try 1
INFO:root:It's often said that
everything happens for a
reason, however it is my
responsibility to choose the
most empowering reasons
for each of the experiences in
my life.,
 Font size: 24, Line count: 7, Quote height: 231, Offset: 34.5, Screen height: 300
INFO:root:Updating...
INFO:root:Standby...
INFO:root:
2023-03-23 08:00:03
INFO:root:Waking up...
INFO:root:/home/mhagedorn/e-Paper/RaspberryPi_JetsonNano/python/pic
INFO:root:Fetching affirmations..
INFO:root:CLS
INFO:root:Formatting...
INFO:root:Quote try 1
INFO:root:I don't judge or condemn
others, because I simply have
no way of knowing that if I
had lived their life, I might
be, say and do exactly the
same,
 Font size: 24, Line count: 6, Quote height: 198, Offset: 51.0, Screen height: 300
INFO:root:Updating...
INFO:root:Standby...
INFO:root:
2023-03-23 09:00:03
INFO:root:Waking up...
INFO:root:/home/mhagedorn/e-Paper/RaspberryPi_JetsonNano/python/pic
INFO:root:Fetching affirmations..
INFO:root:CLS
INFO:root:Formatting...
INFO:root:Quote try 1
INFO:root:I make bold moves toward
my dreams each day, refuse
to give up, and know that
nothing can stop me.What I
am capable of is determined
by my potential, not my
past.Say it over and over
until I believe it.  Then I will
become it,
 Font size: 24, Line count: 9, Quote height: 297, Offset: 1.5, Screen height: 300
INFO:root:Updating...
INFO:root:Standby...
INFO:root:
2023-03-23 10:00:03
INFO:root:Waking up...
INFO:root:/home/mhagedorn/e-Paper/RaspberryPi_JetsonNano/python/pic
INFO:root:Fetching affirmations..
INFO:root:CLS
INFO:root:Formatting...
INFO:root:Quote try 1
INFO:root:I am destined
to be
whatever I
choose to be.,
 Font size: 48, Line count: 4, Quote height: 256, Offset: 22.0, Screen height: 300
INFO:root:Updating...
INFO:root:Standby...
INFO:root:
2023-03-23 11:00:03
INFO:root:Waking up...
INFO:root:/home/mhagedorn/e-Paper/RaspberryPi_JetsonNano/python/pic
INFO:root:Fetching affirmations..
INFO:root:CLS
INFO:root:Formatting...
INFO:root:Quote try 1
INFO:root:Yes I can.  Yes
I will.  Yes I
am able.,
 Font size: 48, Line count: 3, Quote height: 192, Offset: 54.0, Screen height: 300
INFO:root:Updating...
INFO:root:Standby...
INFO:root:
2023-03-23 12:00:04
INFO:root:Waking up...
INFO:root:/home/mhagedorn/e-Paper/RaspberryPi_JetsonNano/python/pic
INFO:root:Fetching affirmations..
INFO:root:CLS
INFO:root:Formatting...
INFO:root:Quote try 1
INFO:root:Every day I can be
stressed out or
blissed out.  The
choice is mine,
 Font size: 35, Line count: 4, Quote height: 188, Offset: 56.0, Screen height: 300
INFO:root:Updating...
INFO:root:Standby...
INFO:root:
2023-03-23 13:00:03
INFO:root:Waking up...
INFO:root:/home/mhagedorn/e-Paper/RaspberryPi_JetsonNano/python/pic
INFO:root:Fetching affirmations..
INFO:root:CLS
INFO:root:Formatting...
INFO:root:Quote try 1
INFO:root:I don't worry about
trying to impresss
people.  Instead, I
focus on how I can
add value to their
lives.,
 Font size: 35, Line count: 6, Quote height: 282, Offset: 9.0, Screen height: 300
INFO:root:Updating...
INFO:root:Standby...
INFO:root:
2023-03-23 14:00:03
INFO:root:Waking up...
INFO:root:/home/mhagedorn/e-Paper/RaspberryPi_JetsonNano/python/pic
INFO:root:Fetching affirmations..
INFO:root:CLS
INFO:root:Formatting...
INFO:root:Quote try 1
INFO:root:Happiness is a
choice.  I
choose to be
happy.,
 Font size: 48, Line count: 4, Quote height: 256, Offset: 22.0, Screen height: 300
INFO:root:Updating...
INFO:root:Standby...
INFO:root:
2023-03-23 15:00:03
INFO:root:Waking up...
INFO:root:/home/mhagedorn/e-Paper/RaspberryPi_JetsonNano/python/pic
INFO:root:Fetching affirmations..
INFO:root:CLS
INFO:root:Formatting...
INFO:root:Quote try 1
INFO:root:I make bold moves toward
my dreams each day, refuse
to give up, and know that
nothing can stop me.What I
am capable of is determined
by my potential, not my
past.Say it over and over
until I believe it.  Then I will
become it,
 Font size: 24, Line count: 9, Quote height: 297, Offset: 1.5, Screen height: 300
INFO:root:Updating...
INFO:root:Standby...
INFO:root:
2023-03-23 16:00:03
INFO:root:Waking up...
INFO:root:/home/mhagedorn/e-Paper/RaspberryPi_JetsonNano/python/pic
INFO:root:Fetching affirmations..
INFO:root:CLS
INFO:root:Formatting...
INFO:root:Quote try 1
INFO:root:Where I am in my life is a
result of who I was in the
past, but where I go depends
entirely on who I choose to
be, from this moment on.,
 Font size: 24, Line count: 5, Quote height: 165, Offset: 67.5, Screen height: 300
INFO:root:Updating...
INFO:root:Standby...
INFO:root:
2023-03-23 17:00:03
INFO:root:Waking up...
INFO:root:/home/mhagedorn/e-Paper/RaspberryPi_JetsonNano/python/pic
INFO:root:Fetching affirmations..
INFO:root:CLS
INFO:root:Formatting...
INFO:root:Quote try 1
INFO:root:Where I am in my life is a
result of who I was in the
past, but where I go depends
entirely on who I choose to
be, from this moment on.,
 Font size: 24, Line count: 5, Quote height: 165, Offset: 67.5, Screen height: 300
INFO:root:Updating...
INFO:root:Standby...
INFO:root:
2023-03-23 18:00:03
INFO:root:Waking up...
INFO:root:/home/mhagedorn/e-Paper/RaspberryPi_JetsonNano/python/pic
INFO:root:Fetching affirmations..
INFO:root:CLS
INFO:root:Formatting...
INFO:root:Quote try 1
INFO:root:I make bold moves toward
my dreams each day, refuse
to give up, and know that
nothing can stop me.What I
am capable of is determined
by my potential, not my
past.Say it over and over
until I believe it.  Then I will
become it,
 Font size: 24, Line count: 9, Quote height: 297, Offset: 1.5, Screen height: 300
INFO:root:Updating...
INFO:root:Standby...
INFO:root:
2023-03-23 19:00:03
INFO:root:Waking up...
INFO:root:/home/mhagedorn/e-Paper/RaspberryPi_JetsonNano/python/pic
INFO:root:Fetching affirmations..
INFO:root:CLS
INFO:root:Formatting...
INFO:root:Quote try 1
INFO:root:To reach levels of success I've
never reached before, I must
be committed at a level I've
never been committed at
before.,
 Font size: 24, Line count: 5, Quote height: 165, Offset: 67.5, Screen height: 300
INFO:root:Updating...
INFO:root:Standby...
INFO:root:
2023-03-23 20:00:03
INFO:root:Waking up...
INFO:root:/home/mhagedorn/e-Paper/RaspberryPi_JetsonNano/python/pic
INFO:root:Fetching affirmations..
INFO:root:CLS
INFO:root:Formatting...
INFO:root:Quote try 1
INFO:root:Where I am in my life is a
result of who I was in the
past, but where I go depends
entirely on who I choose to
be, from this moment on.,
 Font size: 24, Line count: 5, Quote height: 165, Offset: 67.5, Screen height: 300
INFO:root:Updating...
INFO:root:Standby...
INFO:root:
2023-03-23 21:00:03
INFO:root:Waking up...
INFO:root:/home/mhagedorn/e-Paper/RaspberryPi_JetsonNano/python/pic
INFO:root:Fetching affirmations..
INFO:root:CLS
INFO:root:Formatting...
INFO:root:Quote try 1
INFO:root:I am destined
to be
whatever I
choose to be.,
 Font size: 48, Line count: 4, Quote height: 256, Offset: 22.0, Screen height: 300
INFO:root:Updating...
INFO:root:Standby...
